<?xml version="1.0" encoding="UTF-8"?>
<!-- Generated by org.testng.reporters.JUnitReportReporter -->
<testsuite hostname="LAPTOP-DCH1U2PQ" failures="0" tests="4" name="com.nithin.tests.SubmitOrderTest" time="19.750" errors="0" timestamp="2024-09-25T16:08:59 IST" skipped="0">
  <testcase classname="com.nithin.tests.SubmitOrderTest" name="orderHistoryTest" time="4.479"/>
  <testcase classname="com.nithin.tests.SubmitOrderTest" name="submitOrder" time="6.089"/>
  <testcase classname="com.nithin.tests.SubmitOrderTest" name="submitOrder" time="5.934"/>
  <testcase classname="com.nithin.tests.SubmitOrderTest" name="orderHistoryTest" time="3.248"/>
</testsuite> <!-- com.nithin.tests.SubmitOrderTest -->
